app/build/intermediates/manifest_merge_blame_file/debug/manifest-merger-blame-debug-report.txt
1<?xml version="1.0" encoding="utf-8"?>
2<manifest xmlns:android="http://schemas.android.com/apk/res/android"
3    package="com.example.momtobe"
4    android:versionCode="1"
5    android:versionName="1.0" >
6
7    <uses-sdk
8        android:minSdkVersion="21"
8-->src/main/AndroidManifest.xml
9        android:targetSdkVersion="32" />
9-->src/main/AndroidManifest.xml
10
11    <uses-permission android:name="android.permission.ACCESS_NETWORK_STATE" />
11-->src/main/AndroidManifest.xml:6:5-79
11-->src/main/AndroidManifest.xml:6:22-76
12    <uses-permission android:name="android.permission.INTERNET" />
12-->src/main/AndroidManifest.xml:7:5-67
12-->src/main/AndroidManifest.xml:7:22-64
13
14    <!-- Permission will be merged into the manifest of the hosting app. -->
15    <!-- Is required to launch foreground extraction service for targetSdkVersion 28+. -->
16    <uses-permission android:name="android.permission.FOREGROUND_SERVICE" />
16-->[com.google.android.play:core:1.9.1] AndroidManifest.xml:8:3-74
16-->[com.google.android.play:core:1.9.1] AndroidManifest.xml:8:20-72
17
18    <application
18-->src/main/AndroidManifest.xml:8:5-94:19
19        android:name="com.example.momtobe.MomToBeApplication"
19-->src/main/AndroidManifest.xml:9:9-43
20        android:allowBackup="true"
20-->src/main/AndroidManifest.xml:11:9-35
21        android:appComponentFactory="androidx.core.app.CoreComponentFactory"
21-->[androidx.core:core:1.7.0] AndroidManifest.xml:24:18-86
22        android:dataExtractionRules="@xml/data_extraction_rules"
22-->src/main/AndroidManifest.xml:12:9-65
23        android:debuggable="true"
24        android:fullBackupContent="@xml/backup_rules"
24-->src/main/AndroidManifest.xml:13:9-54
25        android:hardwareAccelerated="false"
25-->src/main/AndroidManifest.xml:10:9-44
26        android:icon="@mipmap/ic_launcher"
26-->src/main/AndroidManifest.xml:14:9-43
27        android:label="@string/app_name"
27-->src/main/AndroidManifest.xml:15:9-41
28        android:roundIcon="@mipmap/ic_launcher_round"
28-->src/main/AndroidManifest.xml:16:9-54
29        android:supportsRtl="true"
29-->src/main/AndroidManifest.xml:17:9-35
30        android:testOnly="true"
31        android:theme="@style/Theme.MomToBe" >
31-->src/main/AndroidManifest.xml:18:9-45
32        <activity
32-->src/main/AndroidManifest.xml:20:9-22:40
33            android:name="com.example.momtobe.CommentActivity_Eperiance"
33-->src/main/AndroidManifest.xml:21:13-54
34            android:exported="false" />
34-->src/main/AndroidManifest.xml:22:13-37
35        <activity
35-->src/main/AndroidManifest.xml:23:9-25:40
36            android:name="com.example.momtobe.CommentActivity"
36-->src/main/AndroidManifest.xml:24:13-44
37            android:exported="false" />
37-->src/main/AndroidManifest.xml:25:13-37
38        <activity
38-->src/main/AndroidManifest.xml:26:9-29:40
39            android:name="com.example.momtobe.ui.AddQuestionActivity"
39-->src/main/AndroidManifest.xml:28:13-51
40            android:exported="false" />
40-->src/main/AndroidManifest.xml:29:13-37
41        <activity
41-->src/main/AndroidManifest.xml:30:9-32:40
42            android:name="com.example.momtobe.registration.VerificationActivity"
42-->src/main/AndroidManifest.xml:31:13-62
43            android:exported="false" />
43-->src/main/AndroidManifest.xml:32:13-37
44        <activity
44-->src/main/AndroidManifest.xml:33:9-35:40
45            android:name="com.example.momtobe.ui.AddExperianceActivity"
45-->src/main/AndroidManifest.xml:34:13-53
46            android:exported="false" />
46-->src/main/AndroidManifest.xml:35:13-37
47        <activity
47-->src/main/AndroidManifest.xml:36:9-44:20
48            android:name="com.example.momtobe.registration.SignUpActivity"
48-->src/main/AndroidManifest.xml:37:13-56
49            android:exported="true" >
49-->src/main/AndroidManifest.xml:38:13-36
50            <intent-filter>
50-->src/main/AndroidManifest.xml:39:13-43:29
51                <action android:name="android.intent.action.SEND" />
51-->src/main/AndroidManifest.xml:40:17-68
51-->src/main/AndroidManifest.xml:40:25-66
52
53                <category android:name="android.intent.category.DEFAULT" />
53-->src/main/AndroidManifest.xml:41:17-75
53-->src/main/AndroidManifest.xml:41:27-73
54
55                <data android:mimeType="image/*" />
55-->src/main/AndroidManifest.xml:42:17-51
55-->src/main/AndroidManifest.xml:42:23-49
56            </intent-filter>
57        </activity>
58        <activity
58-->src/main/AndroidManifest.xml:45:9-53:20
59            android:name="com.example.momtobe.registration.LoginActivity"
59-->src/main/AndroidManifest.xml:46:13-55
60            android:exported="true" >
60-->src/main/AndroidManifest.xml:47:13-36
61            <intent-filter>
61-->src/main/AndroidManifest.xml:49:13-52:29
62                <action android:name="android.intent.action.MAIN" />
62-->src/main/AndroidManifest.xml:50:17-69
62-->src/main/AndroidManifest.xml:50:25-66
63
64                <category android:name="android.intent.category.LAUNCHER" />
64-->src/main/AndroidManifest.xml:51:17-77
64-->src/main/AndroidManifest.xml:51:27-74
65            </intent-filter>
66        </activity>
67        <activity
67-->src/main/AndroidManifest.xml:54:9-58:20
68            android:name="com.example.momtobe.MainDesignActivity"
68-->src/main/AndroidManifest.xml:55:13-47
69            android:exported="false" >
69-->src/main/AndroidManifest.xml:56:13-37
70        </activity>
71        <activity
71-->src/main/AndroidManifest.xml:59:9-61:40
72            android:name="com.example.momtobe.Experiance_activity"
72-->src/main/AndroidManifest.xml:60:13-48
73            android:exported="false" />
73-->src/main/AndroidManifest.xml:61:13-37
74        <activity
74-->src/main/AndroidManifest.xml:63:9-65:40
75            android:name="com.example.momtobe.Profile"
75-->src/main/AndroidManifest.xml:64:13-36
76            android:exported="false" />
76-->src/main/AndroidManifest.xml:65:13-37
77        <activity
77-->src/main/AndroidManifest.xml:66:9-68:40
78            android:name="com.example.momtobe.Question_avtivity"
78-->src/main/AndroidManifest.xml:67:13-46
79            android:exported="false" />
79-->src/main/AndroidManifest.xml:68:13-37
80        <activity
80-->src/main/AndroidManifest.xml:69:9-71:40
81            android:name="com.example.momtobe.SavedActivity"
81-->src/main/AndroidManifest.xml:70:13-42
82            android:exported="false" />
82-->src/main/AndroidManifest.xml:71:13-37
83        <activity
83-->src/main/AndroidManifest.xml:72:9-74:40
84            android:name="com.example.momtobe.ui.ProductActivity"
84-->src/main/AndroidManifest.xml:73:13-47
85            android:exported="false" />
85-->src/main/AndroidManifest.xml:74:13-37
86        <activity
86-->src/main/AndroidManifest.xml:76:9-78:40
87            android:name="com.example.momtobe.ui.AddProductActivity"
87-->src/main/AndroidManifest.xml:77:13-50
88            android:exported="false" />
88-->src/main/AndroidManifest.xml:78:13-37
89        <activity
89-->src/main/AndroidManifest.xml:79:9-81:40
90            android:name="com.example.momtobe.BlogContentes"
90-->src/main/AndroidManifest.xml:80:13-42
91            android:exported="false" />
91-->src/main/AndroidManifest.xml:81:13-37
92        <activity
92-->src/main/AndroidManifest.xml:82:9-84:40
93            android:name="com.example.momtobe.Settings"
93-->src/main/AndroidManifest.xml:83:13-37
94            android:exported="false" />
94-->src/main/AndroidManifest.xml:84:13-37
95        <activity
95-->src/main/AndroidManifest.xml:85:9-87:40
96            android:name="com.example.momtobe.Blog"
96-->src/main/AndroidManifest.xml:86:13-33
97            android:exported="false" />
97-->src/main/AndroidManifest.xml:87:13-37
98        <activity
98-->src/main/AndroidManifest.xml:88:9-90:40
99            android:name="com.example.momtobe.ui.ProductDetailsActivity"
99-->src/main/AndroidManifest.xml:89:13-54
100            android:exported="false" />
100-->src/main/AndroidManifest.xml:90:13-37
101        <activity
101-->src/main/AndroidManifest.xml:91:9-93:40
102            android:name="com.example.momtobe.MainActivity"
102-->src/main/AndroidManifest.xml:92:13-41
103            android:exported="false" />
103-->src/main/AndroidManifest.xml:93:13-37
104
105        <service
105-->[com.amplifyframework:aws-storage-s3:1.35.4] AndroidManifest.xml:25:9-27:38
106            android:name="com.amazonaws.mobileconnectors.s3.transferutility.TransferService"
106-->[com.amplifyframework:aws-storage-s3:1.35.4] AndroidManifest.xml:26:13-93
107            android:enabled="true" />
107-->[com.amplifyframework:aws-storage-s3:1.35.4] AndroidManifest.xml:27:13-35
108
109        <activity
109-->[com.amplifyframework:core:1.36.0] AndroidManifest.xml:27:9-29:54
110            android:name="com.amplifyframework.devmenu.DeveloperMenuActivity"
110-->[com.amplifyframework:core:1.36.0] AndroidManifest.xml:28:13-78
111            android:theme="@style/OverlayActivity" />
111-->[com.amplifyframework:core:1.36.0] AndroidManifest.xml:29:13-51
112        <activity
112-->[com.amazonaws:aws-android-sdk-cognitoauth:2.49.0] AndroidManifest.xml:12:9-16:75
113            android:name="com.amazonaws.mobileconnectors.cognitoauth.activities.CustomTabsManagerActivity"
113-->[com.amazonaws:aws-android-sdk-cognitoauth:2.49.0] AndroidManifest.xml:13:13-107
114            android:exported="false"
114-->[com.amazonaws:aws-android-sdk-cognitoauth:2.49.0] AndroidManifest.xml:14:13-37
115            android:launchMode="singleTask"
115-->[com.amazonaws:aws-android-sdk-cognitoauth:2.49.0] AndroidManifest.xml:15:13-44
116            android:theme="@android:style/Theme.Translucent.NoTitleBar" />
116-->[com.amazonaws:aws-android-sdk-cognitoauth:2.49.0] AndroidManifest.xml:16:13-72
117
118        <uses-library
118-->[com.amazonaws:aws-android-sdk-core:2.49.0] AndroidManifest.xml:11:9-13:40
119            android:name="org.apache.http.legacy"
119-->[com.amazonaws:aws-android-sdk-core:2.49.0] AndroidManifest.xml:12:13-50
120            android:required="false" />
120-->[com.amazonaws:aws-android-sdk-core:2.49.0] AndroidManifest.xml:13:13-37
121
122        <provider
122-->[androidx.emoji2:emoji2:1.0.0] AndroidManifest.xml:26:9-34:20
123            android:name="androidx.startup.InitializationProvider"
123-->[androidx.emoji2:emoji2:1.0.0] AndroidManifest.xml:27:13-67
124            android:authorities="com.example.momtobe.androidx-startup"
124-->[androidx.emoji2:emoji2:1.0.0] AndroidManifest.xml:28:13-68
125            android:exported="false" >
125-->[androidx.emoji2:emoji2:1.0.0] AndroidManifest.xml:29:13-37
126            <meta-data
126-->[androidx.emoji2:emoji2:1.0.0] AndroidManifest.xml:31:13-33:52
127                android:name="androidx.emoji2.text.EmojiCompatInitializer"
127-->[androidx.emoji2:emoji2:1.0.0] AndroidManifest.xml:32:17-75
128                android:value="androidx.startup" />
128-->[androidx.emoji2:emoji2:1.0.0] AndroidManifest.xml:33:17-49
129            <meta-data
129-->[androidx.lifecycle:lifecycle-process:2.4.0] AndroidManifest.xml:31:13-33:52
130                android:name="androidx.lifecycle.ProcessLifecycleInitializer"
130-->[androidx.lifecycle:lifecycle-process:2.4.0] AndroidManifest.xml:32:17-78
131                android:value="androidx.startup" />
131-->[androidx.lifecycle:lifecycle-process:2.4.0] AndroidManifest.xml:33:17-49
132        </provider> <!-- The activities will be merged into the manifest of the hosting app. -->
133        <activity
133-->[com.google.android.play:core:1.9.1] AndroidManifest.xml:12:5-271
134            android:name="com.google.android.play.core.missingsplits.PlayCoreMissingSplitsActivity"
134-->[com.google.android.play:core:1.9.1] AndroidManifest.xml:12:15-102
135            android:enabled="false"
135-->[com.google.android.play:core:1.9.1] AndroidManifest.xml:12:103-126
136            android:exported="false"
136-->[com.google.android.play:core:1.9.1] AndroidManifest.xml:12:127-151
137            android:launchMode="singleInstance"
137-->[com.google.android.play:core:1.9.1] AndroidManifest.xml:12:204-239
138            android:process=":playcore_missing_splits_activity"
138-->[com.google.android.play:core:1.9.1] AndroidManifest.xml:12:152-203
139            android:stateNotNeeded="true" />
139-->[com.google.android.play:core:1.9.1] AndroidManifest.xml:12:240-269
140        <activity
140-->[com.google.android.play:core:1.9.1] AndroidManifest.xml:13:5-226
141            android:name="com.google.android.play.core.common.PlayCoreDialogWrapperActivity"
141-->[com.google.android.play:core:1.9.1] AndroidManifest.xml:13:15-95
142            android:enabled="false"
142-->[com.google.android.play:core:1.9.1] AndroidManifest.xml:13:96-119
143            android:exported="false"
143-->[com.google.android.play:core:1.9.1] AndroidManifest.xml:13:120-144
144            android:stateNotNeeded="true"
144-->[com.google.android.play:core:1.9.1] AndroidManifest.xml:13:145-174
145            android:theme="@style/Theme.PlayCore.Transparent" /> <!-- The services will be merged into the manifest of the hosting app. -->
145-->[com.google.android.play:core:1.9.1] AndroidManifest.xml:13:175-224
146        <service
146-->[com.google.android.play:core:1.9.1] AndroidManifest.xml:16:5-18:15
147            android:name="com.google.android.play.core.assetpacks.AssetPackExtractionService"
147-->[com.google.android.play:core:1.9.1] AndroidManifest.xml:16:14-95
148            android:enabled="false"
148-->[com.google.android.play:core:1.9.1] AndroidManifest.xml:16:96-119
149            android:exported="true" >
149-->[com.google.android.play:core:1.9.1] AndroidManifest.xml:16:120-143
150            <meta-data
150-->[com.google.android.play:core:1.9.1] AndroidManifest.xml:17:7-108
151                android:name="com.google.android.play.core.assetpacks.versionCode"
151-->[com.google.android.play:core:1.9.1] AndroidManifest.xml:17:18-84
152                android:value="10901" />
152-->[com.google.android.play:core:1.9.1] AndroidManifest.xml:17:85-106
153        </service>
154        <service
154-->[com.google.android.play:core:1.9.1] AndroidManifest.xml:19:5-147
155            android:name="com.google.android.play.core.assetpacks.ExtractionForegroundService"
155-->[com.google.android.play:core:1.9.1] AndroidManifest.xml:19:14-96
156            android:enabled="false"
156-->[com.google.android.play:core:1.9.1] AndroidManifest.xml:19:97-120
157            android:exported="false" />
157-->[com.google.android.play:core:1.9.1] AndroidManifest.xml:19:121-145
158    </application>
159
160</manifest>